This is pdfTeX, Version 3.14159265-2.6-1.40.20 (MiKTeX 2.9.7200 64-bit) (preloaded format=pdflatex 2020.2.12)  9 MAR 2020 14:31
entering extended mode
**./generated_latex_2.tex
(generated_latex_2.tex
LaTeX2e <2019-10-01>
("C:\Users\HP\AppData\Local\Programs\MiKTeX 2.9\tex/latex/base\article.cls"
Document Class: article 2019/08/27 v1.4j Standard LaTeX document class
("C:\Users\HP\AppData\Local\Programs\MiKTeX 2.9\tex/latex/base\size12.clo"
File: size12.clo 2019/08/27 v1.4j Standard LaTeX file (size option)
)
\c@part=\count80
\c@section=\count81
\c@subsection=\count82
\c@subsubsection=\count83
\c@paragraph=\count84
\c@subparagraph=\count85
\c@figure=\count86
\c@table=\count87
\abovecaptionskip=\skip41
\belowcaptionskip=\skip42
\bibindent=\dimen102
)
(generated_latex_2.aux)
\openout1 = `generated_latex_2.aux'.

LaTeX Font Info:    Checking defaults for OML/cmm/m/it on input line 2.
LaTeX Font Info:    ... okay on input line 2.
LaTeX Font Info:    Checking defaults for T1/cmr/m/n on input line 2.
LaTeX Font Info:    ... okay on input line 2.
LaTeX Font Info:    Checking defaults for OT1/cmr/m/n on input line 2.
LaTeX Font Info:    ... okay on input line 2.
LaTeX Font Info:    Checking defaults for OMS/cmsy/m/n on input line 2.
LaTeX Font Info:    ... okay on input line 2.
LaTeX Font Info:    Checking defaults for OMX/cmex/m/n on input line 2.
LaTeX Font Info:    ... okay on input line 2.
LaTeX Font Info:    Checking defaults for U/cmr/m/n on input line 2.
LaTeX Font Info:    ... okay on input line 2.
 [1

{C:/Users/HP/AppData/Local/MiKTeX/2.9/pdftex/config/pdftex.map}] (generated_lat
ex_2.aux) ) 
Here is how much of TeX's memory you used:
 219 strings out of 492452
 2603 string characters out of 3121465
 63502 words of memory out of 3000000
 4662 multiletter control sequences out of 15000+200000
 4245 words of font info for 16 fonts, out of 3000000 for 9000
 1141 hyphenation exceptions out of 8191
 24i,4n,21p,166b,101s stack positions out of 5000i,500n,10000p,200000b,50000s
<C:/Users/HP/AppData/Local/Programs/MiKTeX 2.9/fonts/type1/public/am
sfonts/cm/cmbx12.pfb><C:/Users/HP/AppData/Local/Programs/MiKTeX 2.9/fonts/type1
/public/amsfonts/cm/cmr12.pfb>
Output written on generated_latex_2.pdf (1 page, 33937 bytes).
PDF statistics:
 14 PDF objects out of 1000 (max. 8388607)
 0 named destinations out of 1000 (max. 500000)
 1 words of extra memory for PDF output out of 10000 (max. 10000000)

